This is pdfTeX, Version 3.141592653-2.6-1.40.24 (TeX Live 2022/Arch Linux) (preloaded format=pdflatex 2023.3.1)  15 MAR 2023 11:37
entering extended mode
 restricted \write18 enabled.
 file:line:error style messages enabled.
 %&-line parsing enabled.
**/home/mrrobot/Documents/GitHub/Analisis_multivariado/4_tecnicas_multivariadas/beamer_slides/pca.tex
(/home/mrrobot/Documents/GitHub/Analisis_multivariado/4_tecnicas_multivariadas/beamer_slides/pca.tex
LaTeX2e <2021-11-15> patch level 1
L3 programming layer <2022-04-10> (/usr/share/texmf-dist/tex/latex/base/article.cls
Document Class: article 2021/10/04 v1.4n Standard LaTeX document class
(/usr/share/texmf-dist/tex/latex/base/size10.clo
File: size10.clo 2021/10/04 v1.4n Standard LaTeX file (size option)
)
\c@part=\count185
\c@section=\count186
\c@subsection=\count187
\c@subsubsection=\count188
\c@paragraph=\count189
\c@subparagraph=\count190
\c@figure=\count191
\c@table=\count192
\abovecaptionskip=\skip47
\belowcaptionskip=\skip48
\bibindent=\dimen138
) (/usr/share/texmf-dist/tex/latex/amsmath/amsmath.sty
Package: amsmath 2021/10/15 v2.17l AMS math features
\@mathmargin=\skip49

For additional information on amsmath, use the `?' option.
(/usr/share/texmf-dist/tex/latex/amsmath/amstext.sty
Package: amstext 2021/08/26 v2.01 AMS text
 (/usr/share/texmf-dist/tex/latex/amsmath/amsgen.sty
File: amsgen.sty 1999/11/30 v2.0 generic functions
\@emptytoks=\toks16
\ex@=\dimen139
)) (/usr/share/texmf-dist/tex/latex/amsmath/amsbsy.sty
Package: amsbsy 1999/11/29 v1.2d Bold Symbols
\pmbraise@=\dimen140
) (/usr/share/texmf-dist/tex/latex/amsmath/amsopn.sty
Package: amsopn 2021/08/26 v2.02 operator names
)
\inf@bad=\count193
LaTeX Info: Redefining \frac on input line 234.
\uproot@=\count194
\leftroot@=\count195
LaTeX Info: Redefining \overline on input line 399.
\classnum@=\count196
\DOTSCASE@=\count197
LaTeX Info: Redefining \ldots on input line 496.
LaTeX Info: Redefining \dots on input line 499.
LaTeX Info: Redefining \cdots on input line 620.
\Mathstrutbox@=\box50
\strutbox@=\box51
\big@size=\dimen141
LaTeX Font Info:    Redeclaring font encoding OML on input line 743.
LaTeX Font Info:    Redeclaring font encoding OMS on input line 744.
\macc@depth=\count198
\c@MaxMatrixCols=\count199
\dotsspace@=\muskip16
\c@parentequation=\count266
\dspbrk@lvl=\count267
\tag@help=\toks17
\row@=\count268
\column@=\count269
\maxfields@=\count270
\andhelp@=\toks18
\eqnshift@=\dimen142
\alignsep@=\dimen143
\tagshift@=\dimen144
\tagwidth@=\dimen145
\totwidth@=\dimen146
\lineht@=\dimen147
\@envbody=\toks19
\multlinegap=\skip50
\multlinetaggap=\skip51
\mathdisplay@stack=\toks20
LaTeX Info: Redefining \[ on input line 2938.
LaTeX Info: Redefining \] on input line 2939.
) (/usr/share/texmf-dist/tex/latex/amsfonts/amsfonts.sty
Package: amsfonts 2013/01/14 v3.01 Basic AMSFonts support
\symAMSa=\mathgroup4
\symAMSb=\mathgroup5
LaTeX Font Info:    Redeclaring math symbol \hbar on input line 98.
LaTeX Font Info:    Overwriting math alphabet `\mathfrak' in version `bold'
(Font)                  U/euf/m/n --> U/euf/b/n on input line 106.
) (/usr/share/texmf-dist/tex/latex/graphics/graphicx.sty
Package: graphicx 2021/09/16 v1.2d Enhanced LaTeX Graphics (DPC,SPQR)
 (/usr/share/texmf-dist/tex/latex/graphics/keyval.sty
Package: keyval 2014/10/28 v1.15 key=value parser (DPC)
\KV@toks@=\toks21
) (/usr/share/texmf-dist/tex/latex/graphics/graphics.sty
Package: graphics 2021/03/04 v1.4d Standard LaTeX Graphics (DPC,SPQR)
 (/usr/share/texmf-dist/tex/latex/graphics/trig.sty
Package: trig 2021/08/11 v1.11 sin cos tan (DPC)
) (/usr/share/texmf-dist/tex/latex/graphics-cfg/graphics.cfg
File: graphics.cfg 2016/06/04 v1.11 sample graphics configuration
)
Package graphics Info: Driver file: pdftex.def on input line 107.
 (/usr/share/texmf-dist/tex/latex/graphics-def/pdftex.def
File: pdftex.def 2020/10/05 v1.2a Graphics/color driver for pdftex
))
\Gin@req@height=\dimen148
\Gin@req@width=\dimen149
) (/usr/share/texmf-dist/tex/latex/caption/caption.sty
Package: caption 2022/03/01 v3.6b Customizing captions (AR)
 (/usr/share/texmf-dist/tex/latex/caption/caption3.sty
Package: caption3 2022/03/17 v2.3b caption3 kernel (AR)
\caption@tempdima=\dimen150
\captionmargin=\dimen151
\caption@leftmargin=\dimen152
\caption@rightmargin=\dimen153
\caption@width=\dimen154
\caption@indent=\dimen155
\caption@parindent=\dimen156
\caption@hangindent=\dimen157
Package caption Info: Standard document class detected.
)
\c@caption@flags=\count271
\c@continuedfloat=\count272
) (/usr/share/texmf-dist/tex/latex/caption/subcaption.sty
Package: subcaption 2022/01/07 v1.5 Sub-captions (AR)
\c@subfigure=\count273
\c@subtable=\count274
) (/usr/share/texmf-dist/tex/latex/l3backend/l3backend-pdftex.def
File: l3backend-pdftex.def 2022-04-14 L3 backend support: PDF output (pdfTeX)
\l__color_backend_stack_int=\count275
\l__pdf_internal_box=\box52
) (./pca.aux)
\openout1 = `pca.aux'.

LaTeX Font Info:    Checking defaults for OML/cmm/m/it on input line 9.
LaTeX Font Info:    ... okay on input line 9.
LaTeX Font Info:    Checking defaults for OMS/cmsy/m/n on input line 9.
LaTeX Font Info:    ... okay on input line 9.
LaTeX Font Info:    Checking defaults for OT1/cmr/m/n on input line 9.
LaTeX Font Info:    ... okay on input line 9.
LaTeX Font Info:    Checking defaults for T1/cmr/m/n on input line 9.
LaTeX Font Info:    ... okay on input line 9.
LaTeX Font Info:    Checking defaults for TS1/cmr/m/n on input line 9.
LaTeX Font Info:    ... okay on input line 9.
LaTeX Font Info:    Checking defaults for OMX/cmex/m/n on input line 9.
LaTeX Font Info:    ... okay on input line 9.
LaTeX Font Info:    Checking defaults for U/cmr/m/n on input line 9.
LaTeX Font Info:    ... okay on input line 9.
 (/usr/share/texmf-dist/tex/context/base/mkii/supp-pdf.mkii
[Loading MPS to PDF converter (version 2006.09.02).]
\scratchcounter=\count276
\scratchdimen=\dimen158
\scratchbox=\box53
\nofMPsegments=\count277
\nofMParguments=\count278
\everyMPshowfont=\toks22
\MPscratchCnt=\count279
\MPscratchDim=\dimen159
\MPnumerator=\count280
\makeMPintoPDFobject=\count281
\everyMPtoPDFconversion=\toks23
) (/usr/share/texmf-dist/tex/latex/epstopdf-pkg/epstopdf-base.sty
Package: epstopdf-base 2020-01-24 v2.11 Base part for package epstopdf
Package epstopdf-base Info: Redefining graphics rule for `.eps' on input line 485.
 (/usr/share/texmf-dist/tex/latex/latexconfig/epstopdf-sys.cfg
File: epstopdf-sys.cfg 2010/07/13 v1.3 Configuration of (r)epstopdf for TeX Live
))
Package caption Info: Begin \AtBeginDocument code.
Package caption Info: End \AtBeginDocument code.
LaTeX Font Info:    Trying to load font information for U+msa on input line 13.
 (/usr/share/texmf-dist/tex/latex/amsfonts/umsa.fd
File: umsa.fd 2013/01/14 v3.01 AMS symbols A
)
LaTeX Font Info:    Trying to load font information for U+msb on input line 13.
 (/usr/share/texmf-dist/tex/latex/amsfonts/umsb.fd
File: umsb.fd 2013/01/14 v3.01 AMS symbols B
) [1

{/var/lib/texmf/fonts/map/pdftex/updmap/pdftex.map}]
Overfull \hbox (66.73103pt too wide) detected at line 72
[]\OML/cmm/m/it/10 Y[] \OT1/cmr/m/n/10 = [] \OMS/cmsy/m/n/10 ^^B \OT1/cmr/m/n/10 100%
 []

[2]

/home/mrrobot/Documents/GitHub/Analisis_multivariado/4_tecnicas_multivariadas/beamer_slides/pca.tex:103: LaTeX Error: Environment lstlisting undefined.

See the LaTeX manual or LaTeX Companion for explanation.
Type  H <return>  for immediate help.
 ...                                              
                                                  
l.103 \begin{lstlisting}
                        [language=R]
Your command was ignored.
Type  I <command> <return>  to replace it with another command,
or  <return>  to continue without it.

/home/mrrobot/Documents/GitHub/Analisis_multivariado/4_tecnicas_multivariadas/beamer_slides/pca.tex:112: Missing $ inserted.
<inserted text> 
                $
l.112 var_
          explicada <- acp$sdev^2 / sum(acp$sdev^2)
I've inserted a begin-math/end-math symbol since I think
you left one out. Proceed, with fingers crossed.

/home/mrrobot/Documents/GitHub/Analisis_multivariado/4_tecnicas_multivariadas/beamer_slides/pca.tex:112: Missing $ inserted.
<inserted text> 
                $
l.112 var_explicada <- acp$sdev^
                                2 / sum(acp$sdev^2)
I've inserted a begin-math/end-math symbol since I think
you left one out. Proceed, with fingers crossed.

/home/mrrobot/Documents/GitHub/Analisis_multivariado/4_tecnicas_multivariadas/beamer_slides/pca.tex:112: Missing $ inserted.
<inserted text> 
                $
l.112 var_explicada <- acp$sdev^2 / sum(acp$sdev^
                                                 2)
I've inserted a begin-math/end-math symbol since I think
you left one out. Proceed, with fingers crossed.

/home/mrrobot/Documents/GitHub/Analisis_multivariado/4_tecnicas_multivariadas/beamer_slides/pca.tex:113: Missing $ inserted.
<inserted text> 
                $
l.113 
      
I've inserted a begin-math/end-math symbol since I think
you left one out. Proceed, with fingers crossed.

/home/mrrobot/Documents/GitHub/Analisis_multivariado/4_tecnicas_multivariadas/beamer_slides/pca.tex:113: Missing } inserted.
<inserted text> 
                }
l.113 
      
I've inserted something that you may have forgotten.
(See the <inserted text> above.)
With luck, this will get me unwedged. But if you
really didn't forget anything, try typing `2' now; then
my insertion and my current dilemma will both disappear.

/home/mrrobot/Documents/GitHub/Analisis_multivariado/4_tecnicas_multivariadas/beamer_slides/pca.tex:113: Extra }, or forgotten \endgroup.
\@par ... \@noitemerr {\@@par }\fi \else {\@@par }
                                                  \fi 
l.113 
      
I've deleted a group-closing symbol because it seems to be
spurious, as in `$x}$'. But perhaps the } is legitimate and
you forgot something else, as in `\hbox{$x}'. In such cases
the way to recover is to insert both the forgotten and the
deleted material, e.g., by typing `I$}'.

[3]
/home/mrrobot/Documents/GitHub/Analisis_multivariado/4_tecnicas_multivariadas/beamer_slides/pca.tex:115: Missing $ inserted.
<inserted text> 
                $
l.115 plot(var_
               explicada, xlab = "Componentes principales", ylab = "Varianza...
I've inserted a begin-math/end-math symbol since I think
you left one out. Proceed, with fingers crossed.


LaTeX Warning: Command \' invalid in math mode on input line 116.

/home/mrrobot/Documents/GitHub/Analisis_multivariado/4_tecnicas_multivariadas/beamer_slides/pca.tex:116: Please use \mathaccent for accents in math mode.
\add@accent ... \let \ignorespaces \relax \accent 
                                                  #1 #2\egroup \ifmmode \els...
l.116 type = "b", main = "Grá
                              fico de varianza explicada")
I'm changing \accent to \mathaccent here; wish me luck.
(Accents are not the same in formulas as they are in text.)

/home/mrrobot/Documents/GitHub/Analisis_multivariado/4_tecnicas_multivariadas/beamer_slides/pca.tex:117: Missing $ inserted.
<inserted text> 
                $
l.117 
      
I've inserted a begin-math/end-math symbol since I think
you left one out. Proceed, with fingers crossed.

/home/mrrobot/Documents/GitHub/Analisis_multivariado/4_tecnicas_multivariadas/beamer_slides/pca.tex:117: Missing } inserted.
<inserted text> 
                }
l.117 
      
I've inserted something that you may have forgotten.
(See the <inserted text> above.)
With luck, this will get me unwedged. But if you
really didn't forget anything, try typing `2' now; then
my insertion and my current dilemma will both disappear.


Overfull \hbox (49.56079pt too wide) in paragraph at lines 114--117
[]\OT1/cmr/m/n/10 Gr^^Safico de var-i-anza ex-pli-cada plot(var$[]\OML/cmm/m/it/10 xplicada; xlab \OT1/cmr/m/n/10 = "\OML/cmm/m/it/10 Componentesprincipales\OT1/cmr/m/n/10 "\OML/cmm/m/it/10 ; ylab \OT1/cmr/m/n/10 =
 []

/home/mrrobot/Documents/GitHub/Analisis_multivariado/4_tecnicas_multivariadas/beamer_slides/pca.tex:117: Extra }, or forgotten \endgroup.
\@par ... \@noitemerr {\@@par }\fi \else {\@@par }
                                                  \fi 
l.117 
      
I've deleted a group-closing symbol because it seems to be
spurious, as in `$x}$'. But perhaps the } is legitimate and
you forgot something else, as in `\hbox{$x}'. In such cases
the way to recover is to insert both the forgotten and the
deleted material, e.g., by typing `I$}'.


/home/mrrobot/Documents/GitHub/Analisis_multivariado/4_tecnicas_multivariadas/beamer_slides/pca.tex:120: LaTeX Error: \begin{itemize} on input line 25 ended by \end{lstlisting}.

See the LaTeX manual or LaTeX Companion for explanation.
Type  H <return>  for immediate help.
 ...                                              
                                                  
l.120 \end{lstlisting}
                      
Your command was ignored.
Type  I <command> <return>  to replace it with another command,
or  <return>  to continue without it.

/home/mrrobot/Documents/GitHub/Analisis_multivariado/4_tecnicas_multivariadas/beamer_slides/pca.tex:133: Misplaced \noalign.
\hline ->\noalign 
                  {\ifnum 0=`}\fi \hrule \@height \arrayrulewidth \futurelet...
l.133 ...ariable 1} & \textbf{Variable 2} \ \hline
                                                  
I expect to see \noalign only after the \cr of
an alignment. Proceed, and I'll ignore this case.

/home/mrrobot/Documents/GitHub/Analisis_multivariado/4_tecnicas_multivariadas/beamer_slides/pca.tex:133: You can't use `\hrule' here except with leaders.
\hline ->\noalign {\ifnum 0=`}\fi \hrule 
                                         \@height \arrayrulewidth \futurelet...
l.133 ...ariable 1} & \textbf{Variable 2} \ \hline
                                                  
To put a horizontal rule in an hbox or an alignment,
you should use \leaders or \hrulefill (see The TeXbook).

/home/mrrobot/Documents/GitHub/Analisis_multivariado/4_tecnicas_multivariadas/beamer_slides/pca.tex:133: Missing number, treated as zero.
<to be read again> 
                   \futurelet 
l.133 ...ariable 1} & \textbf{Variable 2} \ \hline
                                                  
A number should have been here; I inserted `0'.
(If you can't figure out why I needed to see a number,
look up `weird error' in the index to The TeXbook.)

/home/mrrobot/Documents/GitHub/Analisis_multivariado/4_tecnicas_multivariadas/beamer_slides/pca.tex:133: Illegal unit of measure (pt inserted).
<to be read again> 
                   \futurelet 
l.133 ...ariable 1} & \textbf{Variable 2} \ \hline
                                                  
Dimensions can be in units of em, ex, in, pt, pc,
cm, mm, dd, cc, nd, nc, bp, or sp; but yours is a new one!
I'll assume that you meant to say pt, for printer's points.
To recover gracefully from this error, it's best to
delete the erroneous units; e.g., type `2' to delete
two letters. (See Chapter 27 of The TeXbook.)

/home/mrrobot/Documents/GitHub/Analisis_multivariado/4_tecnicas_multivariadas/beamer_slides/pca.tex:134: Extra alignment tab has been changed to \cr.
<recently read> \endtemplate 
                             
l.134 1 &
          3 & 6 \ \hline
You have given more \span or & marks than there were
in the preamble to the \halign or \valign now in progress.
So I'll assume that you meant to type \cr instead.

/home/mrrobot/Documents/GitHub/Analisis_multivariado/4_tecnicas_multivariadas/beamer_slides/pca.tex:134: Misplaced \noalign.
\hline ->\noalign 
                  {\ifnum 0=`}\fi \hrule \@height \arrayrulewidth \futurelet...
l.134 1 & 3 & 6 \ \hline
                        
I expect to see \noalign only after the \cr of
an alignment. Proceed, and I'll ignore this case.

/home/mrrobot/Documents/GitHub/Analisis_multivariado/4_tecnicas_multivariadas/beamer_slides/pca.tex:134: You can't use `\hrule' here except with leaders.
\hline ->\noalign {\ifnum 0=`}\fi \hrule 
                                         \@height \arrayrulewidth \futurelet...
l.134 1 & 3 & 6 \ \hline
                        
To put a horizontal rule in an hbox or an alignment,
you should use \leaders or \hrulefill (see The TeXbook).

/home/mrrobot/Documents/GitHub/Analisis_multivariado/4_tecnicas_multivariadas/beamer_slides/pca.tex:134: Missing number, treated as zero.
<to be read again> 
                   \futurelet 
l.134 1 & 3 & 6 \ \hline
                        
A number should have been here; I inserted `0'.
(If you can't figure out why I needed to see a number,
look up `weird error' in the index to The TeXbook.)

/home/mrrobot/Documents/GitHub/Analisis_multivariado/4_tecnicas_multivariadas/beamer_slides/pca.tex:134: Illegal unit of measure (pt inserted).
<to be read again> 
                   \futurelet 
l.134 1 & 3 & 6 \ \hline
                        
Dimensions can be in units of em, ex, in, pt, pc,
cm, mm, dd, cc, nd, nc, bp, or sp; but yours is a new one!
I'll assume that you meant to say pt, for printer's points.
To recover gracefully from this error, it's best to
delete the erroneous units; e.g., type `2' to delete
two letters. (See Chapter 27 of The TeXbook.)

/home/mrrobot/Documents/GitHub/Analisis_multivariado/4_tecnicas_multivariadas/beamer_slides/pca.tex:135: Extra alignment tab has been changed to \cr.
<recently read> \endtemplate 
                             
l.135 2 & 5 &
              3 \ \hline
You have given more \span or & marks than there were
in the preamble to the \halign or \valign now in progress.
So I'll assume that you meant to type \cr instead.

/home/mrrobot/Documents/GitHub/Analisis_multivariado/4_tecnicas_multivariadas/beamer_slides/pca.tex:135: Misplaced \noalign.
\hline ->\noalign 
                  {\ifnum 0=`}\fi \hrule \@height \arrayrulewidth \futurelet...
l.135 2 & 5 & 3 \ \hline
                        
I expect to see \noalign only after the \cr of
an alignment. Proceed, and I'll ignore this case.

/home/mrrobot/Documents/GitHub/Analisis_multivariado/4_tecnicas_multivariadas/beamer_slides/pca.tex:135: You can't use `\hrule' here except with leaders.
\hline ->\noalign {\ifnum 0=`}\fi \hrule 
                                         \@height \arrayrulewidth \futurelet...
l.135 2 & 5 & 3 \ \hline
                        
To put a horizontal rule in an hbox or an alignment,
you should use \leaders or \hrulefill (see The TeXbook).

/home/mrrobot/Documents/GitHub/Analisis_multivariado/4_tecnicas_multivariadas/beamer_slides/pca.tex:135: Missing number, treated as zero.
<to be read again> 
                   \futurelet 
l.135 2 & 5 & 3 \ \hline
                        
A number should have been here; I inserted `0'.
(If you can't figure out why I needed to see a number,
look up `weird error' in the index to The TeXbook.)

/home/mrrobot/Documents/GitHub/Analisis_multivariado/4_tecnicas_multivariadas/beamer_slides/pca.tex:135: Illegal unit of measure (pt inserted).
<to be read again> 
                   \futurelet 
l.135 2 & 5 & 3 \ \hline
                        
Dimensions can be in units of em, ex, in, pt, pc,
cm, mm, dd, cc, nd, nc, bp, or sp; but yours is a new one!
I'll assume that you meant to say pt, for printer's points.
To recover gracefully from this error, it's best to
delete the erroneous units; e.g., type `2' to delete
two letters. (See Chapter 27 of The TeXbook.)

/home/mrrobot/Documents/GitHub/Analisis_multivariado/4_tecnicas_multivariadas/beamer_slides/pca.tex:136: Misplaced \noalign.
\hline ->\noalign 
                  {\ifnum 0=`}\fi \hrule \@height \arrayrulewidth \futurelet...
l.136 3 & 1 & 7 \ \hline
                        
I expect to see \noalign only after the \cr of
an alignment. Proceed, and I'll ignore this case.

/home/mrrobot/Documents/GitHub/Analisis_multivariado/4_tecnicas_multivariadas/beamer_slides/pca.tex:136: You can't use `\hrule' here except with leaders.
\hline ->\noalign {\ifnum 0=`}\fi \hrule 
                                         \@height \arrayrulewidth \futurelet...
l.136 3 & 1 & 7 \ \hline
                        
To put a horizontal rule in an hbox or an alignment,
you should use \leaders or \hrulefill (see The TeXbook).

/home/mrrobot/Documents/GitHub/Analisis_multivariado/4_tecnicas_multivariadas/beamer_slides/pca.tex:136: Missing number, treated as zero.
<to be read again> 
                   \futurelet 
l.136 3 & 1 & 7 \ \hline
                        
A number should have been here; I inserted `0'.
(If you can't figure out why I needed to see a number,
look up `weird error' in the index to The TeXbook.)

/home/mrrobot/Documents/GitHub/Analisis_multivariado/4_tecnicas_multivariadas/beamer_slides/pca.tex:136: Illegal unit of measure (pt inserted).
<to be read again> 
                   \futurelet 
l.136 3 & 1 & 7 \ \hline
                        
Dimensions can be in units of em, ex, in, pt, pc,
cm, mm, dd, cc, nd, nc, bp, or sp; but yours is a new one!
I'll assume that you meant to say pt, for printer's points.
To recover gracefully from this error, it's best to
delete the erroneous units; e.g., type `2' to delete
two letters. (See Chapter 27 of The TeXbook.)

/home/mrrobot/Documents/GitHub/Analisis_multivariado/4_tecnicas_multivariadas/beamer_slides/pca.tex:137: Extra alignment tab has been changed to \cr.
<recently read> \endtemplate 
                             
l.137 4 &
          4 & 2 \ \hline
You have given more \span or & marks than there were
in the preamble to the \halign or \valign now in progress.
So I'll assume that you meant to type \cr instead.

/home/mrrobot/Documents/GitHub/Analisis_multivariado/4_tecnicas_multivariadas/beamer_slides/pca.tex:137: Misplaced \noalign.
\hline ->\noalign 
                  {\ifnum 0=`}\fi \hrule \@height \arrayrulewidth \futurelet...
l.137 4 & 4 & 2 \ \hline
                        
I expect to see \noalign only after the \cr of
an alignment. Proceed, and I'll ignore this case.

/home/mrrobot/Documents/GitHub/Analisis_multivariado/4_tecnicas_multivariadas/beamer_slides/pca.tex:137: You can't use `\hrule' here except with leaders.
\hline ->\noalign {\ifnum 0=`}\fi \hrule 
                                         \@height \arrayrulewidth \futurelet...
l.137 4 & 4 & 2 \ \hline
                        
To put a horizontal rule in an hbox or an alignment,
you should use \leaders or \hrulefill (see The TeXbook).

/home/mrrobot/Documents/GitHub/Analisis_multivariado/4_tecnicas_multivariadas/beamer_slides/pca.tex:137: Missing number, treated as zero.
<to be read again> 
                   \futurelet 
l.137 4 & 4 & 2 \ \hline
                        
A number should have been here; I inserted `0'.
(If you can't figure out why I needed to see a number,
look up `weird error' in the index to The TeXbook.)

/home/mrrobot/Documents/GitHub/Analisis_multivariado/4_tecnicas_multivariadas/beamer_slides/pca.tex:137: Illegal unit of measure (pt inserted).
<to be read again> 
                   \futurelet 
l.137 4 & 4 & 2 \ \hline
                        
Dimensions can be in units of em, ex, in, pt, pc,
cm, mm, dd, cc, nd, nc, bp, or sp; but yours is a new one!
I'll assume that you meant to say pt, for printer's points.
To recover gracefully from this error, it's best to
delete the erroneous units; e.g., type `2' to delete
two letters. (See Chapter 27 of The TeXbook.)

/home/mrrobot/Documents/GitHub/Analisis_multivariado/4_tecnicas_multivariadas/beamer_slides/pca.tex:138: Extra alignment tab has been changed to \cr.
<recently read> \endtemplate 
                             
l.138 5 & 2 &
              8 \ \hline
You have given more \span or & marks than there were
in the preamble to the \halign or \valign now in progress.
So I'll assume that you meant to type \cr instead.

/home/mrrobot/Documents/GitHub/Analisis_multivariado/4_tecnicas_multivariadas/beamer_slides/pca.tex:138: Misplaced \noalign.
\hline ->\noalign 
                  {\ifnum 0=`}\fi \hrule \@height \arrayrulewidth \futurelet...
l.138 5 & 2 & 8 \ \hline
                        
I expect to see \noalign only after the \cr of
an alignment. Proceed, and I'll ignore this case.

/home/mrrobot/Documents/GitHub/Analisis_multivariado/4_tecnicas_multivariadas/beamer_slides/pca.tex:138: You can't use `\hrule' here except with leaders.
\hline ->\noalign {\ifnum 0=`}\fi \hrule 
                                         \@height \arrayrulewidth \futurelet...
l.138 5 & 2 & 8 \ \hline
                        
To put a horizontal rule in an hbox or an alignment,
you should use \leaders or \hrulefill (see The TeXbook).

/home/mrrobot/Documents/GitHub/Analisis_multivariado/4_tecnicas_multivariadas/beamer_slides/pca.tex:138: Missing number, treated as zero.
<to be read again> 
                   \futurelet 
l.138 5 & 2 & 8 \ \hline
                        
A number should have been here; I inserted `0'.
(If you can't figure out why I needed to see a number,
look up `weird error' in the index to The TeXbook.)

/home/mrrobot/Documents/GitHub/Analisis_multivariado/4_tecnicas_multivariadas/beamer_slides/pca.tex:138: Illegal unit of measure (pt inserted).
<to be read again> 
                   \futurelet 
l.138 5 & 2 & 8 \ \hline
                        
Dimensions can be in units of em, ex, in, pt, pc,
cm, mm, dd, cc, nd, nc, bp, or sp; but yours is a new one!
I'll assume that you meant to say pt, for printer's points.
To recover gracefully from this error, it's best to
delete the erroneous units; e.g., type `2' to delete
two letters. (See Chapter 27 of The TeXbook.)

/home/mrrobot/Documents/GitHub/Analisis_multivariado/4_tecnicas_multivariadas/beamer_slides/pca.tex:139: Misplaced \noalign.
\hline ->\noalign 
                  {\ifnum 0=`}\fi \hrule \@height \arrayrulewidth \futurelet...
l.139 6 & 6 & 1 \ \hline
                        
I expect to see \noalign only after the \cr of
an alignment. Proceed, and I'll ignore this case.

/home/mrrobot/Documents/GitHub/Analisis_multivariado/4_tecnicas_multivariadas/beamer_slides/pca.tex:139: You can't use `\hrule' here except with leaders.
\hline ->\noalign {\ifnum 0=`}\fi \hrule 
                                         \@height \arrayrulewidth \futurelet...
l.139 6 & 6 & 1 \ \hline
                        
To put a horizontal rule in an hbox or an alignment,
you should use \leaders or \hrulefill (see The TeXbook).

/home/mrrobot/Documents/GitHub/Analisis_multivariado/4_tecnicas_multivariadas/beamer_slides/pca.tex:139: Missing number, treated as zero.
<to be read again> 
                   \futurelet 
l.139 6 & 6 & 1 \ \hline
                        
A number should have been here; I inserted `0'.
(If you can't figure out why I needed to see a number,
look up `weird error' in the index to The TeXbook.)

/home/mrrobot/Documents/GitHub/Analisis_multivariado/4_tecnicas_multivariadas/beamer_slides/pca.tex:139: Illegal unit of measure (pt inserted).
<to be read again> 
                   \futurelet 
l.139 6 & 6 & 1 \ \hline
                        
Dimensions can be in units of em, ex, in, pt, pc,
cm, mm, dd, cc, nd, nc, bp, or sp; but yours is a new one!
I'll assume that you meant to say pt, for printer's points.
To recover gracefully from this error, it's best to
delete the erroneous units; e.g., type `2' to delete
two letters. (See Chapter 27 of The TeXbook.)

[4]

LaTeX Warning: File `PCA_plot.png' not found on input line 198.


/home/mrrobot/Documents/GitHub/Analisis_multivariado/4_tecnicas_multivariadas/beamer_slides/pca.tex:198: Package pdftex.def Error: File `PCA_plot.png' not found: using draft setting.

See the pdftex.def package documentation for explanation.
Type  H <return>  for immediate help.
 ...                                              
                                                  
l.198 ...aphics[width=0.5\textwidth]{PCA_plot.png}
                                                  
Try typing  <return>  to proceed.
If that doesn't work, type  X <return>  to quit.


LaTeX Warning: `h' float specifier changed to `ht'.

[5]

/home/mrrobot/Documents/GitHub/Analisis_multivariado/4_tecnicas_multivariadas/beamer_slides/pca.tex:211: LaTeX Error: \begin{enumerate} on input line 147 ended by \end{document}.

See the LaTeX manual or LaTeX Companion for explanation.
Type  H <return>  for immediate help.
 ...                                              
                                                  
l.211   \end{document}
                      
Your command was ignored.
Type  I <command> <return>  to replace it with another command,
or  <return>  to continue without it.

[6] (./pca.aux)

LaTeX Warning: Label(s) may have changed. Rerun to get cross-references right.

 )
(\end occurred inside a group at level 2)

### semi simple group (level 2) entered at line 147 (\begingroup)
### semi simple group (level 1) entered at line 25 (\begingroup)
### bottom level 
Here is how much of TeX's memory you used:
 3602 strings out of 478238
 61032 string characters out of 5850457
 358528 words of memory out of 5000000
 21817 multiletter control sequences out of 15000+600000
 478244 words of font info for 63 fonts, out of 8000000 for 9000
 1141 hyphenation exceptions out of 8191
 55i,14n,63p,785b,455s stack positions out of 5000i,500n,10000p,200000b,80000s
{/usr/share/texmf-dist/fonts/enc/dvips/cm-super/cm-super-ts1.enc}</usr/share/texmf-dist/fonts/type1/public/amsfonts/cm/cmbx10.pfb></usr/share/texmf-dist/fonts/type1/public/amsfonts/cm/cmbx12.pfb></usr/share/texmf-dist/fonts/type1/public/amsfonts/cm/cmex10.pfb></usr/share/texmf-dist/fonts/type1/public/amsfonts/cm/cmmi10.pfb></usr/share/texmf-dist/fonts/type1/public/amsfonts/cm/cmmi7.pfb></usr/share/texmf-dist/fonts/type1/public/amsfonts/cm/cmr10.pfb></usr/share/texmf-dist/fonts/type1/public/amsfonts/cm/cmr12.pfb></usr/share/texmf-dist/fonts/type1/public/amsfonts/cm/cmr17.pfb></usr/share/texmf-dist/fonts/type1/public/amsfonts/cm/cmr7.pfb></usr/share/texmf-dist/fonts/type1/public/amsfonts/cm/cmsy10.pfb></usr/share/texmf-dist/fonts/type1/public/amsfonts/cm/cmtt10.pfb></usr/share/texmf-dist/fonts/type1/public/cm-super/sfrm1000.pfb>
Output written on pca.pdf (6 pages, 152905 bytes).
PDF statistics:
 84 PDF objects out of 1000 (max. 8388607)
 51 compressed objects within 1 object stream
 0 named destinations out of 1000 (max. 500000)
 1 words of extra memory for PDF output out of 10000 (max. 10000000)

